2022-08-03 00:26:03,122 - root - INFO - ***********************Test_TC01_Login**************************
2022-08-03 00:26:03,123 - root - INFO - ****************************Verifying Login Test************************************
2022-08-03 00:26:10,070 - root - INFO - ***************************We logged in successfully*************************************
2022-08-03 00:26:10,248 - root - ERROR - ****************************Error Occured********************************************
2022-08-03 00:29:01,272 - root - INFO - ***********************Test_TC01_Login**************************
2022-08-03 00:29:01,273 - root - INFO - ****************************Verifying Login Test************************************
2022-08-03 00:29:07,676 - root - INFO - ***************************We logged in successfully*************************************
2022-08-03 00:29:07,852 - root - ERROR - ****************************Error Occured********************************************
2022-08-03 00:32:04,350 - root - INFO - ***********************Test_TC01_Login**************************
2022-08-03 00:32:04,350 - root - INFO - ****************************Verifying Login Test************************************
2022-08-03 00:32:10,687 - root - INFO - ***************************We logged in successfully*************************************
2022-08-03 00:32:10,873 - root - ERROR - ****************************Error Occured********************************************
2022-08-03 00:33:24,877 - root - INFO - ***********************Test_TC01_Login**************************
2022-08-03 00:33:24,878 - root - INFO - ****************************Verifying Login Test************************************
2022-08-03 00:33:31,940 - root - INFO - ***************************We logged in successfully*************************************
2022-08-03 00:33:32,122 - root - ERROR - ****************************Error Occured********************************************
2022-08-03 00:38:59,085 - root - INFO - ***********************Test_TC01_Login**************************
2022-08-03 00:38:59,087 - root - INFO - ****************************Verifying Login Test************************************
2022-08-03 00:39:05,590 - root - INFO - ***************************We logged in successfully*************************************
2022-08-03 00:39:05,768 - root - ERROR - ****************************Error Occured********************************************
2022-08-03 00:40:46,050 - root - INFO - ***********************Test_TC01_Login**************************
2022-08-03 00:40:46,050 - root - INFO - ****************************Verifying Login Test************************************
2022-08-03 00:40:52,885 - root - INFO - ***************************We logged in successfully*************************************
2022-08-03 00:40:53,078 - root - ERROR - ****************************Error Occured********************************************
2022-08-03 00:41:55,829 - root - INFO - ***********************Test_TC01_Login**************************
2022-08-03 00:41:55,829 - root - INFO - ****************************Verifying Login Test************************************
2022-08-03 00:42:01,871 - root - INFO - ***************************We logged in successfully*************************************
2022-08-03 00:42:02,029 - root - ERROR - ****************************Error Occured********************************************
2022-08-03 00:44:34,348 - root - INFO - ***********************Test_TC01_Login**************************
2022-08-03 00:44:34,348 - root - INFO - ****************************Verifying Login Test************************************
2022-08-03 00:44:40,466 - root - INFO - ***************************We logged in successfully*************************************
2022-08-03 00:44:40,673 - root - ERROR - ****************************Error Occured********************************************
2022-08-03 00:52:34,136 - root - INFO - ***********************Test_TC01_Login**************************
2022-08-03 00:52:34,137 - root - INFO - ****************************Verifying Login Test************************************
2022-08-03 00:52:40,571 - root - INFO - ***************************We logged in successfully*************************************
2022-08-03 00:52:40,770 - root - ERROR - ****************************Error Occured********************************************
2022-08-04 13:02:22,932 - root - INFO - ******* Starting Test_002_DDT_Login Test **********
2022-08-04 13:02:22,934 - root - INFO - ******* Starting Login DDT Test **********
2022-08-04 13:02:34,907 - root - INFO - **** passed ****
2022-08-04 13:02:42,593 - root - INFO - **** passed ****
2022-08-04 13:08:50,619 - root - INFO - ******* Starting Test_002_DDT_Login Test **********
2022-08-04 13:08:50,620 - root - INFO - ******* Starting Login DDT Test **********
2022-08-04 13:08:58,731 - root - INFO - **** failed ****
2022-08-04 13:09:04,178 - root - INFO - **** passed ****
2022-08-04 13:09:10,158 - root - INFO - **** passed ****
2022-08-04 13:15:11,720 - root - INFO - ******* Starting Test_002_DDT_Login Test **********
2022-08-04 13:15:11,722 - root - INFO - ******* Starting Login DDT Test **********
2022-08-04 13:15:24,707 - root - INFO - **** passed ****
2022-08-04 13:15:32,172 - root - INFO - **** passed ****
2022-08-04 13:20:33,194 - root - INFO - ******* Starting Test_002_DDT_Login Test **********
2022-08-04 13:20:33,195 - root - INFO - ******* Starting Login DDT Test **********
2022-08-04 13:20:50,595 - root - INFO - **** passed ****
2022-08-04 13:21:03,253 - root - INFO - **** passed ****
2022-08-04 13:25:07,564 - root - INFO - ******* Starting Test_002_DDT_Login Test **********
2022-08-04 13:25:07,565 - root - INFO - ******* Starting Login DDT Test **********
2022-08-04 13:25:24,385 - root - INFO - **** passed ****
2022-08-04 13:25:37,025 - root - INFO - **** passed ****
2022-08-04 13:25:47,826 - root - INFO - **** passed ****
2022-08-04 13:25:59,009 - root - INFO - **** passed ****
2022-08-04 13:25:59,010 - root - INFO - ******* DDT Login test passed **********
2022-08-04 13:25:59,655 - root - INFO - ******* End of Login DDT Test **********
2022-08-04 13:25:59,656 - root - INFO - **************** Completed  TC_LoginDDT_002 ************* 
2022-08-04 13:33:00,065 - root - INFO - ******* Starting Test_002_DDT_Login Test **********
2022-08-04 13:33:00,066 - root - INFO - ******* Starting Login DDT Test **********
2022-08-04 13:33:11,498 - root - INFO - **** passed ****
2022-08-04 13:33:19,108 - root - INFO - **** passed ****
2022-08-04 13:33:24,961 - root - INFO - **** passed ****
2022-08-04 13:33:30,892 - root - INFO - **** passed ****
2022-08-04 13:33:31,051 - root - INFO - ******* DDT Login test passed **********
2022-08-04 13:33:31,480 - root - INFO - ******* End of Login DDT Test **********
2022-08-04 13:33:31,481 - root - INFO - **************** Completed  TC_LoginDDT_002 ************* 
2022-08-04 13:34:48,430 - root - INFO - ******* Starting Test_002_DDT_Login Test **********
2022-08-04 13:34:48,430 - root - INFO - ******* Starting Login DDT Test **********
2022-08-04 13:35:01,449 - root - INFO - **** passed ****
2022-08-04 13:35:09,153 - root - INFO - **** passed ****
2022-08-04 13:35:15,047 - root - INFO - **** passed ****
2022-08-04 13:35:21,064 - root - INFO - **** passed ****
2022-08-04 13:35:21,272 - root - INFO - ******* DDT Login test passed **********
2022-08-04 13:35:21,975 - root - INFO - ******* End of Login DDT Test **********
2022-08-04 13:35:21,976 - root - INFO - **************** Completed  TC_LoginDDT_002 ************* 
2022-08-04 13:38:51,393 - root - INFO - ******* Starting Test_002_DDT_Login Test **********
2022-08-04 13:38:51,394 - root - INFO - ******* Starting Login DDT Test **********
2022-08-04 13:39:00,473 - root - INFO - **** passed ****
2022-08-04 13:39:08,693 - root - INFO - **** passed ****
2022-08-04 13:39:14,925 - root - INFO - **** passed ****
2022-08-04 13:39:20,917 - root - INFO - **** passed ****
2022-08-04 13:39:20,989 - root - INFO - ******* DDT Login test passed **********
2022-08-04 13:39:24,813 - root - INFO - ******* End of Login DDT Test **********
2022-08-04 13:39:24,814 - root - INFO - **************** Completed  TC_LoginDDT_002 ************* 
2022-08-04 13:42:37,556 - root - INFO - ******* Starting Test_002_DDT_Login Test **********
2022-08-04 13:42:37,557 - root - INFO - ******* Starting Login DDT Test **********
2022-08-04 13:42:49,619 - root - INFO - **** passed ****
2022-08-04 13:42:57,607 - root - INFO - **** passed ****
2022-08-04 13:43:03,786 - root - INFO - **** passed ****
2022-08-04 13:43:09,831 - root - INFO - **** passed ****
2022-08-04 13:43:10,018 - root - INFO - ******* DDT Login test passed **********
2022-08-04 13:43:10,638 - root - INFO - ******* End of Login DDT Test **********
2022-08-04 13:43:10,638 - root - INFO - **************** Completed  TC_LoginDDT_002 ************* 
2022-08-04 20:02:20,350 - root - INFO - ******* Starting Test_002_DDT_Login Test **********
2022-08-04 20:02:20,350 - root - INFO - ******* Starting Test_002_DDT_Login Test **********
2022-08-04 20:02:20,353 - root - INFO - ******* Starting Login DDT Test **********
2022-08-04 20:02:20,353 - root - INFO - ******* Starting Login DDT Test **********
2022-08-04 20:02:20,817 - root - INFO - ***********************Test_TC01_Login**************************
2022-08-04 20:02:20,817 - root - INFO - ***********************Test_TC01_Login**************************
2022-08-04 20:02:20,818 - root - INFO - ****************************Verifying Login Test************************************
2022-08-04 20:02:20,818 - root - INFO - ****************************Verifying Login Test************************************
2022-08-04 20:02:26,831 - root - INFO - ***************************We logged in successfully*************************************
2022-08-04 20:02:26,831 - root - INFO - ***************************We logged in successfully*************************************
2022-08-04 20:02:27,014 - root - ERROR - ****************************Error Occured********************************************
2022-08-04 20:02:27,014 - root - ERROR - ****************************Error Occured********************************************
2022-08-04 20:02:31,838 - root - INFO - **** passed ****
2022-08-04 20:02:31,838 - root - INFO - **** passed ****
2022-08-04 20:02:39,401 - root - INFO - **** passed ****
2022-08-04 20:02:39,401 - root - INFO - **** passed ****
2022-08-04 20:02:45,560 - root - INFO - **** passed ****
2022-08-04 20:02:45,560 - root - INFO - **** passed ****
2022-08-04 20:02:51,486 - root - INFO - **** passed ****
2022-08-04 20:02:51,486 - root - INFO - **** passed ****
2022-08-04 20:02:51,612 - root - INFO - ******* DDT Login test passed **********
2022-08-04 20:02:51,612 - root - INFO - ******* DDT Login test passed **********
2022-08-04 20:02:52,020 - root - INFO - ******* End of Login DDT Test **********
2022-08-04 20:02:52,020 - root - INFO - ******* End of Login DDT Test **********
2022-08-04 20:02:52,022 - root - INFO - **************** Completed  TC_LoginDDT_002 ************* 
2022-08-04 20:02:52,022 - root - INFO - **************** Completed  TC_LoginDDT_002 ************* 
2022-08-04 20:03:56,134 - root - INFO - ***********************Test_TC01_Login**************************
2022-08-04 20:03:56,134 - root - INFO - ***********************Test_TC01_Login**************************
2022-08-04 20:03:56,136 - root - INFO - ****************************Verifying Login Test************************************
2022-08-04 20:03:56,136 - root - INFO - ****************************Verifying Login Test************************************
2022-08-04 20:03:56,296 - root - INFO - ******* Starting Test_002_DDT_Login Test **********
2022-08-04 20:03:56,296 - root - INFO - ******* Starting Test_002_DDT_Login Test **********
2022-08-04 20:03:56,300 - root - INFO - ******* Starting Login DDT Test **********
2022-08-04 20:03:56,300 - root - INFO - ******* Starting Login DDT Test **********
2022-08-04 20:04:04,499 - root - INFO - ***************************We logged in successfully*************************************
2022-08-04 20:04:04,499 - root - INFO - ***************************We logged in successfully*************************************
2022-08-04 20:04:04,814 - root - ERROR - ****************************Error Occured********************************************
2022-08-04 20:04:04,814 - root - ERROR - ****************************Error Occured********************************************
2022-08-04 20:04:09,353 - root - INFO - **** passed ****
2022-08-04 20:04:09,353 - root - INFO - **** passed ****
2022-08-04 20:04:16,830 - root - INFO - **** passed ****
2022-08-04 20:04:16,830 - root - INFO - **** passed ****
2022-08-04 20:04:22,892 - root - INFO - **** passed ****
2022-08-04 20:04:22,892 - root - INFO - **** passed ****
2022-08-04 20:04:28,919 - root - INFO - **** passed ****
2022-08-04 20:04:28,919 - root - INFO - **** passed ****
2022-08-04 20:04:29,094 - root - INFO - ******* DDT Login test passed **********
2022-08-04 20:04:29,094 - root - INFO - ******* DDT Login test passed **********
2022-08-04 20:04:29,745 - root - INFO - ******* End of Login DDT Test **********
2022-08-04 20:04:29,745 - root - INFO - ******* End of Login DDT Test **********
2022-08-04 20:04:29,746 - root - INFO - **************** Completed  TC_LoginDDT_002 ************* 
2022-08-04 20:04:29,746 - root - INFO - **************** Completed  TC_LoginDDT_002 ************* 
2022-08-04 20:05:57,178 - root - INFO - ******* Starting Test_002_DDT_Login Test **********
2022-08-04 20:05:57,178 - root - INFO - ******* Starting Test_002_DDT_Login Test **********
2022-08-04 20:05:57,179 - root - INFO - ******* Starting Login DDT Test **********
2022-08-04 20:05:57,179 - root - INFO - ******* Starting Login DDT Test **********
2022-08-04 20:05:57,184 - root - INFO - ***********************Test_TC01_Login**************************
2022-08-04 20:05:57,184 - root - INFO - ***********************Test_TC01_Login**************************
2022-08-04 20:05:57,185 - root - INFO - ****************************Verifying Login Test************************************
2022-08-04 20:05:57,185 - root - INFO - ****************************Verifying Login Test************************************
2022-08-04 20:06:04,341 - root - INFO - ***************************We logged in successfully*************************************
2022-08-04 20:06:04,341 - root - INFO - ***************************We logged in successfully*************************************
2022-08-04 20:06:04,572 - root - ERROR - ****************************Error Occured********************************************
2022-08-04 20:06:04,572 - root - ERROR - ****************************Error Occured********************************************
2022-08-04 20:06:07,619 - root - INFO - **** passed ****
2022-08-04 20:06:07,619 - root - INFO - **** passed ****
2022-08-04 20:06:15,133 - root - INFO - **** passed ****
2022-08-04 20:06:15,133 - root - INFO - **** passed ****
2022-08-04 20:06:21,324 - root - INFO - **** passed ****
2022-08-04 20:06:21,324 - root - INFO - **** passed ****
2022-08-04 20:06:27,297 - root - INFO - **** passed ****
2022-08-04 20:06:27,297 - root - INFO - **** passed ****
2022-08-04 20:06:27,437 - root - INFO - ******* DDT Login test passed **********
2022-08-04 20:06:27,437 - root - INFO - ******* DDT Login test passed **********
2022-08-04 20:06:27,872 - root - INFO - ******* End of Login DDT Test **********
2022-08-04 20:06:27,872 - root - INFO - ******* End of Login DDT Test **********
2022-08-04 20:06:27,872 - root - INFO - **************** Completed  TC_LoginDDT_002 ************* 
2022-08-04 20:06:27,872 - root - INFO - **************** Completed  TC_LoginDDT_002 ************* 
2022-08-04 22:19:13,833 - root - INFO - *************TC03_serachCustomer****************
2022-08-04 22:19:21,398 - root - INFO - *************Login Successful***************
2022-08-04 22:30:19,653 - root - INFO - *************TC03_serachCustomer****************
2022-08-04 22:30:27,389 - root - INFO - *************Login Successful***************
2022-08-04 22:32:03,001 - root - INFO - *************TC03_serachCustomer****************
2022-08-04 22:33:14,268 - root - INFO - *************TC03_serachCustomer****************
2022-08-04 22:34:09,411 - root - INFO - *************TC03_serachCustomer****************
2022-08-04 22:34:15,387 - root - INFO - *************Login Successful***************
2022-08-04 22:36:30,463 - root - INFO - *************TC03_serachCustomer****************
2022-08-04 22:36:37,398 - root - INFO - *************Login Successful***************
2022-08-04 22:38:35,005 - root - INFO - *************TC03_serachCustomer****************
2022-08-04 22:38:41,770 - root - INFO - *************Login Successful***************
2022-08-04 22:47:08,717 - root - INFO - *************TC03_serachCustomer****************
2022-08-04 22:47:13,631 - root - INFO - *************Login Successful***************
2022-08-04 22:49:13,476 - root - INFO - *************TC03_serachCustomer****************
2022-08-04 22:50:14,530 - root - INFO - *************TC03_serachCustomer****************
2022-08-04 22:50:20,699 - root - INFO - *************Login Successful***************
2022-08-04 22:54:21,640 - root - INFO - *************TC03_serachCustomer****************
2022-08-04 22:54:30,016 - root - INFO - *************Login Successful***************
2022-08-04 22:55:20,805 - root - INFO - *************TC03_serachCustomer****************
2022-08-04 22:55:25,400 - root - INFO - *************Login Successful***************
2022-08-04 22:56:06,603 - root - INFO - *************TC03_serachCustomer****************
2022-08-04 22:56:13,009 - root - INFO - *************Login Successful***************
2022-08-05 21:29:57,661 - root - INFO - ***********************Test_TC01_Login**************************
2022-08-05 21:29:57,661 - root - INFO - ***********************Test_TC01_Login**************************
2022-08-05 21:29:57,661 - root - INFO - ***********************Test_TC01_Login**************************
2022-08-05 21:29:57,665 - root - INFO - ****************************Verifying Login Test************************************
2022-08-05 21:29:57,665 - root - INFO - ****************************Verifying Login Test************************************
2022-08-05 21:29:57,665 - root - INFO - ****************************Verifying Login Test************************************
2022-08-05 21:30:04,161 - root - INFO - ***************************We logged in successfully*************************************
2022-08-05 21:30:04,161 - root - INFO - ***************************We logged in successfully*************************************
2022-08-05 21:30:04,161 - root - INFO - ***************************We logged in successfully*************************************
2022-08-05 21:30:04,332 - root - ERROR - ****************************Error Occured********************************************
2022-08-05 21:30:04,332 - root - ERROR - ****************************Error Occured********************************************
2022-08-05 21:30:04,332 - root - ERROR - ****************************Error Occured********************************************
2022-08-05 21:30:06,885 - root - INFO - *************TC03_serachCustomer****************
2022-08-05 21:30:06,885 - root - INFO - *************TC03_serachCustomer****************
2022-08-05 21:30:06,885 - root - INFO - *************TC03_serachCustomer****************
2022-08-05 21:30:13,610 - root - INFO - *************Login Successful***************
2022-08-05 21:30:13,610 - root - INFO - *************Login Successful***************
2022-08-05 21:30:13,610 - root - INFO - *************Login Successful***************
2022-08-05 21:33:05,825 - root - INFO - ***********************Test_TC01_Login**************************
2022-08-05 21:33:05,825 - root - INFO - ***********************Test_TC01_Login**************************
2022-08-05 21:33:05,825 - root - INFO - ***********************Test_TC01_Login**************************
2022-08-05 21:33:05,838 - root - INFO - ****************************Verifying Login Test************************************
2022-08-05 21:33:05,838 - root - INFO - ****************************Verifying Login Test************************************
2022-08-05 21:33:05,838 - root - INFO - ****************************Verifying Login Test************************************
2022-08-05 21:33:13,079 - root - INFO - ***************************We logged in successfully*************************************
2022-08-05 21:33:13,079 - root - INFO - ***************************We logged in successfully*************************************
2022-08-05 21:33:13,079 - root - INFO - ***************************We logged in successfully*************************************
2022-08-05 21:33:13,203 - root - ERROR - ****************************Error Occured********************************************
2022-08-05 21:33:13,203 - root - ERROR - ****************************Error Occured********************************************
2022-08-05 21:33:13,203 - root - ERROR - ****************************Error Occured********************************************
2022-08-05 21:33:23,027 - root - INFO - ******* Starting Test_002_DDT_Login Test **********
2022-08-05 21:33:23,027 - root - INFO - ******* Starting Test_002_DDT_Login Test **********
2022-08-05 21:33:23,027 - root - INFO - ******* Starting Test_002_DDT_Login Test **********
2022-08-05 21:33:23,029 - root - INFO - ******* Starting Login DDT Test **********
2022-08-05 21:33:23,029 - root - INFO - ******* Starting Login DDT Test **********
2022-08-05 21:33:23,029 - root - INFO - ******* Starting Login DDT Test **********
2022-08-05 21:33:32,090 - root - INFO - **** passed ****
2022-08-05 21:33:32,090 - root - INFO - **** passed ****
2022-08-05 21:33:32,090 - root - INFO - **** passed ****
2022-08-05 21:33:39,903 - root - INFO - **** passed ****
2022-08-05 21:33:39,903 - root - INFO - **** passed ****
2022-08-05 21:33:39,903 - root - INFO - **** passed ****
2022-08-05 21:33:45,717 - root - INFO - **** passed ****
2022-08-05 21:33:45,717 - root - INFO - **** passed ****
2022-08-05 21:33:45,717 - root - INFO - **** passed ****
2022-08-05 21:33:51,571 - root - INFO - **** passed ****
2022-08-05 21:33:51,571 - root - INFO - **** passed ****
2022-08-05 21:33:51,571 - root - INFO - **** passed ****
2022-08-05 21:33:51,663 - root - INFO - ******* DDT Login test passed **********
2022-08-05 21:33:51,663 - root - INFO - ******* DDT Login test passed **********
2022-08-05 21:33:51,663 - root - INFO - ******* DDT Login test passed **********
2022-08-05 21:33:55,719 - root - INFO - ******* End of Login DDT Test **********
2022-08-05 21:33:55,719 - root - INFO - ******* End of Login DDT Test **********
2022-08-05 21:33:55,719 - root - INFO - ******* End of Login DDT Test **********
2022-08-05 21:33:55,719 - root - INFO - **************** Completed  TC_LoginDDT_002 ************* 
2022-08-05 21:33:55,719 - root - INFO - **************** Completed  TC_LoginDDT_002 ************* 
2022-08-05 21:33:55,719 - root - INFO - **************** Completed  TC_LoginDDT_002 ************* 
2022-08-05 21:34:02,023 - root - INFO - *************TC03_serachCustomer****************
2022-08-05 21:34:02,023 - root - INFO - *************TC03_serachCustomer****************
2022-08-05 21:34:02,023 - root - INFO - *************TC03_serachCustomer****************
2022-08-05 21:34:05,712 - root - INFO - *************Login Successful***************
2022-08-05 21:34:05,712 - root - INFO - *************Login Successful***************
2022-08-05 21:34:05,712 - root - INFO - *************Login Successful***************
2022-08-05 22:28:02,307 - root - INFO - ***********************Test_TC01_Login**************************
2022-08-05 22:28:02,307 - root - INFO - ***********************Test_TC01_Login**************************
2022-08-05 22:28:02,307 - root - INFO - ***********************Test_TC01_Login**************************
2022-08-05 22:28:02,311 - root - INFO - ****************************Verifying Login Test************************************
2022-08-05 22:28:02,311 - root - INFO - ****************************Verifying Login Test************************************
2022-08-05 22:28:02,311 - root - INFO - ****************************Verifying Login Test************************************
2022-08-05 22:28:09,774 - root - INFO - ***************************We logged in successfully*************************************
2022-08-05 22:28:09,774 - root - INFO - ***************************We logged in successfully*************************************
2022-08-05 22:28:09,774 - root - INFO - ***************************We logged in successfully*************************************
2022-08-05 22:28:09,979 - root - ERROR - ****************************Error Occured********************************************
2022-08-05 22:28:09,979 - root - ERROR - ****************************Error Occured********************************************
2022-08-05 22:28:09,979 - root - ERROR - ****************************Error Occured********************************************
2022-08-05 22:28:12,518 - root - INFO - *************TC03_serachCustomer****************
2022-08-05 22:28:12,518 - root - INFO - *************TC03_serachCustomer****************
2022-08-05 22:28:12,518 - root - INFO - *************TC03_serachCustomer****************
2022-08-05 22:28:19,201 - root - INFO - *************Login Successful***************
2022-08-05 22:28:19,201 - root - INFO - *************Login Successful***************
2022-08-05 22:28:19,201 - root - INFO - *************Login Successful***************
